c:\users\иван\desktop\уник\курсач яп\coursework\coursework\debug\vc142.pdb
c:\users\иван\desktop\уник\курсач яп\coursework\coursework\debug\.netframework,version=v4.7.2.assemblyattributes.obj
c:\users\иван\desktop\уник\курсач яп\coursework\coursework\debug\mainform.obj
c:\users\иван\desktop\уник\курсач яп\coursework\coursework\debug\setingsform.obj
c:\users\иван\desktop\уник\курсач яп\coursework\coursework\debug\levelsform.obj
c:\users\иван\desktop\уник\курсач яп\coursework\coursework\debug\coursework.levelsform.resources
c:\users\иван\desktop\уник\курсач яп\coursework\coursework\debug\coursework.setingsform.resources
c:\users\иван\desktop\уник\курсач яп\coursework\coursework\debug\coursework.mainform.resources
c:\users\иван\desktop\уник\курсач яп\coursework\coursework\debug\coursework.exe
c:\users\иван\desktop\уник\курсач яп\coursework\coursework\debug\coursework.pdb
c:\users\иван\desktop\уник\курсач яп\coursework\coursework\debug\coursework.exe.metagen
c:\users\иван\desktop\уник\курсач яп\coursework\coursework\debug\coursework.tlog\cl.command.1.tlog
c:\users\иван\desktop\уник\курсач яп\coursework\coursework\debug\coursework.tlog\cl.read.1.tlog
c:\users\иван\desktop\уник\курсач яп\coursework\coursework\debug\coursework.tlog\cl.write.1.tlog
c:\users\иван\desktop\уник\курсач яп\coursework\coursework\debug\coursework.tlog\coursework.write.1u.tlog
c:\users\иван\desktop\уник\курсач яп\coursework\coursework\debug\coursework.tlog\link.command.1.tlog
c:\users\иван\desktop\уник\курсач яп\coursework\coursework\debug\coursework.tlog\link.read.1.tlog
c:\users\иван\desktop\уник\курсач яп\coursework\coursework\debug\coursework.tlog\link.write.1.tlog
c:\users\иван\desktop\уник\курсач яп\coursework\coursework\debug\coursework.tlog\metagen.read.1.tlog
c:\users\иван\desktop\уник\курсач яп\coursework\coursework\debug\coursework.tlog\metagen.write.1.tlog
