  MainForm.cpp
C:\Users\Иван\Desktop\Уник\КУРСАЧ ЯП\CourseWork\CourseWork\LevelsForm.h(510,5): warning C4129: [: неизвестная escape-последовательность
C:\Users\Иван\Desktop\Уник\КУРСАЧ ЯП\CourseWork\CourseWork\LevelsForm.h(529,5): warning C4129: =: неизвестная escape-последовательность
C:\Users\Иван\Desktop\Уник\КУРСАЧ ЯП\CourseWork\CourseWork\LevelsForm.h(360,4): warning C4996: 'strcpy': This function or variable may be unsafe. Consider using strcpy_s instead. To disable deprecation, use _CRT_SECURE_NO_WARNINGS. See online help for details.
C:\Users\Иван\Desktop\Уник\КУРСАЧ ЯП\CourseWork\CourseWork\LevelsForm.h(375,3): warning C4996: 'strcpy': This function or variable may be unsafe. Consider using strcpy_s instead. To disable deprecation, use _CRT_SECURE_NO_WARNINGS. See online help for details.
C:\Users\Иван\Desktop\Уник\КУРСАЧ ЯП\CourseWork\CourseWork\LevelsForm.h(390,3): warning C4996: 'strcpy': This function or variable may be unsafe. Consider using strcpy_s instead. To disable deprecation, use _CRT_SECURE_NO_WARNINGS. See online help for details.
C:\Users\Иван\Desktop\Уник\КУРСАЧ ЯП\CourseWork\CourseWork\LevelsForm.h(405,3): warning C4996: 'strcpy': This function or variable may be unsafe. Consider using strcpy_s instead. To disable deprecation, use _CRT_SECURE_NO_WARNINGS. See online help for details.
C:\Users\Иван\Desktop\Уник\КУРСАЧ ЯП\CourseWork\CourseWork\LevelsForm.h(420,3): warning C4996: 'strcpy': This function or variable may be unsafe. Consider using strcpy_s instead. To disable deprecation, use _CRT_SECURE_NO_WARNINGS. See online help for details.
C:\Users\Иван\Desktop\Уник\КУРСАЧ ЯП\CourseWork\CourseWork\LevelsForm.h(435,3): warning C4996: 'strcpy': This function or variable may be unsafe. Consider using strcpy_s instead. To disable deprecation, use _CRT_SECURE_NO_WARNINGS. See online help for details.
C:\Users\Иван\Desktop\Уник\КУРСАЧ ЯП\CourseWork\CourseWork\LevelsForm.h(450,3): warning C4996: 'strcpy': This function or variable may be unsafe. Consider using strcpy_s instead. To disable deprecation, use _CRT_SECURE_NO_WARNINGS. See online help for details.
C:\Users\Иван\Desktop\Уник\КУРСАЧ ЯП\CourseWork\CourseWork\LevelsForm.h(465,3): warning C4996: 'strcpy': This function or variable may be unsafe. Consider using strcpy_s instead. To disable deprecation, use _CRT_SECURE_NO_WARNINGS. See online help for details.
C:\Users\Иван\Desktop\Уник\КУРСАЧ ЯП\CourseWork\CourseWork\LevelsForm.h(480,3): warning C4996: 'strcpy': This function or variable may be unsafe. Consider using strcpy_s instead. To disable deprecation, use _CRT_SECURE_NO_WARNINGS. See online help for details.
C:\Users\Иван\Desktop\Уник\КУРСАЧ ЯП\CourseWork\CourseWork\LevelsForm.h(495,3): warning C4996: 'strcpy': This function or variable may be unsafe. Consider using strcpy_s instead. To disable deprecation, use _CRT_SECURE_NO_WARNINGS. See online help for details.
C:\Users\Иван\Desktop\Уник\КУРСАЧ ЯП\CourseWork\CourseWork\LevelsForm.h(508,14): warning C4244: аргумент: преобразование "time_t" в "unsigned int", возможна потеря данных
C:\Users\Иван\Desktop\Уник\КУРСАЧ ЯП\CourseWork\CourseWork\LevelsForm.h(527,14): warning C4244: аргумент: преобразование "time_t" в "unsigned int", возможна потеря данных
C:\Users\Иван\Desktop\Уник\КУРСАЧ ЯП\CourseWork\CourseWork\InfoForm.h(148,19): warning C4996: 'fopen': This function or variable may be unsafe. Consider using fopen_s instead. To disable deprecation, use _CRT_SECURE_NO_WARNINGS. See online help for details.
C:\Users\Иван\Desktop\Уник\КУРСАЧ ЯП\CourseWork\CourseWork\InfoForm.h(158,19): warning C4996: 'fopen': This function or variable may be unsafe. Consider using fopen_s instead. To disable deprecation, use _CRT_SECURE_NO_WARNINGS. See online help for details.
C:\Users\Иван\Desktop\Уник\КУРСАЧ ЯП\CourseWork\CourseWork\MainForm.h(1326,10): warning C4018: >=: несоответствие типов со знаком и без знака
C:\Users\Иван\Desktop\Уник\КУРСАЧ ЯП\CourseWork\CourseWork\MainForm.cpp(400,13): warning C4018: >=: несоответствие типов со знаком и без знака
C:\Users\Иван\Desktop\Уник\КУРСАЧ ЯП\CourseWork\CourseWork\MainForm.cpp(409,9): warning C4018: <: несоответствие типов со знаком и без знака
C:\Users\Иван\Desktop\Уник\КУРСАЧ ЯП\CourseWork\CourseWork\MainForm.cpp(418,9): warning C4018: <: несоответствие типов со знаком и без знака
C:\Users\Иван\Desktop\Уник\КУРСАЧ ЯП\CourseWork\CourseWork\MainForm.cpp(441,13): warning C4018: >=: несоответствие типов со знаком и без знака
C:\Users\Иван\Desktop\Уник\КУРСАЧ ЯП\CourseWork\CourseWork\MainForm.cpp(450,9): warning C4018: <: несоответствие типов со знаком и без знака
C:\Users\Иван\Desktop\Уник\КУРСАЧ ЯП\CourseWork\CourseWork\MainForm.cpp(459,9): warning C4018: <: несоответствие типов со знаком и без знака
C:\Users\Иван\Desktop\Уник\КУРСАЧ ЯП\CourseWork\CourseWork\MainForm.cpp(477,16): warning C4996: 'fopen': This function or variable may be unsafe. Consider using fopen_s instead. To disable deprecation, use _CRT_SECURE_NO_WARNINGS. See online help for details.
C:\Users\Иван\Desktop\Уник\КУРСАЧ ЯП\CourseWork\CourseWork\MainForm.cpp(479,10): warning C4996: 'fscanf': This function or variable may be unsafe. Consider using fscanf_s instead. To disable deprecation, use _CRT_SECURE_NO_WARNINGS. See online help for details.
C:\Users\Иван\Desktop\Уник\КУРСАЧ ЯП\CourseWork\CourseWork\MainForm.cpp(482,4): warning C4996: 'fscanf': This function or variable may be unsafe. Consider using fscanf_s instead. To disable deprecation, use _CRT_SECURE_NO_WARNINGS. See online help for details.
C:\Users\Иван\Desktop\Уник\КУРСАЧ ЯП\CourseWork\CourseWork\MainForm.cpp(484,4): warning C4996: 'fscanf': This function or variable may be unsafe. Consider using fscanf_s instead. To disable deprecation, use _CRT_SECURE_NO_WARNINGS. See online help for details.
C:\Users\Иван\Desktop\Уник\КУРСАЧ ЯП\CourseWork\CourseWork\MainForm.cpp(486,4): warning C4996: 'fscanf': This function or variable may be unsafe. Consider using fscanf_s instead. To disable deprecation, use _CRT_SECURE_NO_WARNINGS. See online help for details.
C:\Users\Иван\Desktop\Уник\КУРСАЧ ЯП\CourseWork\CourseWork\MainForm.cpp(508,16): warning C4996: 'fopen': This function or variable may be unsafe. Consider using fopen_s instead. To disable deprecation, use _CRT_SECURE_NO_WARNINGS. See online help for details.
C:\Users\Иван\Desktop\Уник\КУРСАЧ ЯП\CourseWork\CourseWork\MainForm.cpp(510,10): warning C4996: 'fscanf': This function or variable may be unsafe. Consider using fscanf_s instead. To disable deprecation, use _CRT_SECURE_NO_WARNINGS. See online help for details.
C:\Users\Иван\Desktop\Уник\КУРСАЧ ЯП\CourseWork\CourseWork\MainForm.cpp(513,4): warning C4996: 'fscanf': This function or variable may be unsafe. Consider using fscanf_s instead. To disable deprecation, use _CRT_SECURE_NO_WARNINGS. See online help for details.
C:\Users\Иван\Desktop\Уник\КУРСАЧ ЯП\CourseWork\CourseWork\MainForm.cpp(515,4): warning C4996: 'fscanf': This function or variable may be unsafe. Consider using fscanf_s instead. To disable deprecation, use _CRT_SECURE_NO_WARNINGS. See online help for details.
C:\Users\Иван\Desktop\Уник\КУРСАЧ ЯП\CourseWork\CourseWork\MainForm.cpp(517,4): warning C4996: 'fscanf': This function or variable may be unsafe. Consider using fscanf_s instead. To disable deprecation, use _CRT_SECURE_NO_WARNINGS. See online help for details.
  InfoForm.obj : обнаружен модуль MSIL; для MSIL последовательная компоновка отключена; выполняется полная компоновка
  CourseWork.vcxproj -> C:\Users\Иван\Desktop\Уник\КУРСАЧ ЯП\CourseWork\CourseWork\Debug\CourseWork.exe
